[0mCompiling "resources/public/js/main.js" from ["src"]...
Compiling src/om_tutorial/core.cljs
Compiling target/figwheel_temp/dev/figwheel/connect.cljs
notifying browser that file changed:  resources/public/js/goog/deps.js
notifying browser that file changed:  resources/public/js/cljs_deps.js
notifying browser that file changed:  out/om_tutorial/core.js
[32mSuccessfully compiled "resources/public/js/main.js" in 0.362 seconds.[0m
[0mCompiling "resources/public/js/main.js" from ["src"]...
notifying browser that file changed:  out/om_tutorial/core.js
[32mSuccessfully compiled "resources/public/js/main.js" in 0.141 seconds.[0m
[0mCompiling "resources/public/js/main.js" from ["src"]...
Compiling src/om_tutorial/core.cljs
Compiling target/figwheel_temp/dev/figwheel/connect.cljs
notifying browser that file changed:  out/om_tutorial/core.js
[32mSuccessfully compiled "resources/public/js/main.js" in 0.21 seconds.[0m
[0mCompiling "resources/public/js/main.js" from ["src"]...
Compiling resources/public/js/cljs/core.cljs
Using cached cljs.core resources/public/js/cljs/core.cljs
Compiling resources/public/js/cljs/core/async/impl/protocols.cljs
Compiling resources/public/js/cljs/core/async/impl/buffers.cljs
Compiling resources/public/js/cljs/core/async/impl/dispatch.cljs
Compiling resources/public/js/cljs/core/async/impl/channels.cljs
Compiling resources/public/js/cljs/core/async/impl/ioc_helpers.cljs
Compiling resources/public/js/cljs/core/async/impl/timers.cljs
Compiling resources/public/js/cljs/core/async.cljs
Compiling resources/public/js/om/next/cache.cljs
Compiling resources/public/js/clojure/zip.cljs
Compiling resources/public/js/om/util.cljc
Compiling resources/public/js/om/next/impl/parser.cljc
Compiling resources/public/js/om/dom.cljs
Compiling resources/public/js/om/next/protocols.cljc
Compiling resources/public/js/om/tempid.cljc
Compiling resources/public/js/clojure/walk.cljs
Compiling resources/public/js/cognitect/transit.cljs
Compiling resources/public/js/om/transit.cljc
Compiling resources/public/js/om/next.cljs
Compiling resources/public/js/clojure/string.cljs
Compiling /Users/Paul/projects/om-quick-start/src/om_tutorial/client.cljs
Compiling /Users/Paul/projects/om-quick-start/src/om_tutorial/core.cljs
Compiling resources/public/js/clojure/set.cljs
Compiling resources/public/js/figwheel/client/utils.cljs
Compiling resources/public/js/figwheel/client/file_reloading.cljs
Compiling resources/public/js/cljs/repl.cljs
Compiling resources/public/js/cljs/reader.cljs
Compiling resources/public/js/figwheel/client/socket.cljs
Compiling resources/public/js/figwheel/client/heads_up.cljs
Compiling resources/public/js/figwheel/client.cljs
Compiling target/figwheel_temp/dev/figwheel/connect.cljs
notifying browser that file changed:  resources/public/js/cljs_deps.js
notifying browser that file changed:  out/om_tutorial/core.js
[32mSuccessfully compiled "resources/public/js/main.js" in 7.717 seconds.[0m
[0mCompiling "resources/public/js/main.js" from ["src"]...
Compiling /Users/Paul/projects/om-quick-start/src/om_tutorial/core.cljs
Compiling target/figwheel_temp/dev/figwheel/connect.cljs
notifying browser that file changed:  resources/public/js/goog/deps.js
notifying browser that file changed:  resources/public/js/cljs_deps.js
notifying browser that file changed:  out/om_tutorial/core.js
[32mSuccessfully compiled "resources/public/js/main.js" in 0.304 seconds.[0m
[0mCompiling "resources/public/js/main.js" from ["src"]...
Compiling /Users/Paul/projects/om-quick-start/src/om_tutorial/core.cljs
Compiling target/figwheel_temp/dev/figwheel/connect.cljs
notifying browser that file changed:  out/om_tutorial/core.js
[32mSuccessfully compiled "resources/public/js/main.js" in 0.192 seconds.[0m
[0mCompiling "resources/public/js/main.js" from ["src"]...
[31mCompiling "resources/public/js/main.js" failed.
[0mclojure.lang.ExceptionInfo: Library name must be specified as a symbol in :require / :require-macros; offending spec: [(quote om-tutorial.core)] at line 1 target/figwheel_temp/dev/figwheel/connect.cljs
 at clojure.core$ex_info.invoke (core.clj:4593)
    cljs.analyzer$error.invoke (analyzer.cljc:568)
    cljs.analyzer$error.invoke (analyzer.cljc:566)
    cljs.analyzer$basic_validate_ns_spec.invoke (analyzer.cljc:1693)
    cljs.analyzer$parse_require_spec.invoke (analyzer.cljc:1739)
    clojure.lang.AFn.applyToHelper (AFn.java:171)
    clojure.lang.AFn.applyTo (AFn.java:144)
    clojure.core$apply.invoke (core.clj:636)
    clojure.core$partial$fn__4533.doInvoke (core.clj:2512)
    clojure.lang.RestFn.invoke (RestFn.java:408)
    clojure.core$map$fn__4553.invoke (core.clj:2624)
    clojure.lang.LazySeq.sval (LazySeq.java:40)
    clojure.lang.LazySeq.seq (LazySeq.java:49)
    clojure.lang.Cons.next (Cons.java:39)
    clojure.lang.RT.next (RT.java:674)
    clojure.core/next (core.clj:64)
    clojure.core$reduce1.invoke (core.clj:909)
    clojure.core$reduce1.invoke (core.clj:900)
    clojure.core$merge_with.doInvoke (core.clj:2936)
    clojure.lang.RestFn.applyTo (RestFn.java:139)
    clojure.core$apply.invoke (core.clj:634)
    cljs.analyzer$eval1651$fn__1653$fn__1658.invoke (analyzer.cljc:1926)
    clojure.core.protocols/fn (protocols.clj:167)
    clojure.core.protocols$fn__6478$G__6473__6487.invoke (protocols.clj:19)
    clojure.core.protocols$seq_reduce.invoke (protocols.clj:31)
    clojure.core.protocols/fn (protocols.clj:101)
    clojure.core.protocols$fn__6452$G__6447__6465.invoke (protocols.clj:13)
    clojure.core$reduce.invoke (core.clj:6519)
    cljs.analyzer$eval1651$fn__1653.invoke (analyzer.cljc:1909)
    clojure.lang.MultiFn.invoke (MultiFn.java:251)
[32mSuccessfully compiled "resources/public/js/main.js" in 0.035 seconds.[0m
[0mCompiling "resources/public/js/main.js" from ["src"]...
Compiling /Users/Paul/projects/om-quick-start/src/om_tutorial/core.cljs
Compiling target/figwheel_temp/dev/figwheel/connect.cljs
notifying browser that file changed:  resources/public/js/goog/deps.js
notifying browser that file changed:  resources/public/js/cljs_deps.js
notifying browser that file changed:  out/om_tutorial/core.js
[32mSuccessfully compiled "resources/public/js/main.js" in 0.315 seconds.[0m
[0mCompiling "resources/public/js/main.js" from ["src"]...
Compiling /Users/Paul/projects/om-quick-start/src/om_tutorial/core.cljs
Compiling target/figwheel_temp/dev/figwheel/connect.cljs
notifying browser that file changed:  out/om_tutorial/core.js
[32mSuccessfully compiled "resources/public/js/main.js" in 0.2 seconds.[0m
[0mCompiling "resources/public/js/main.js" from ["src"]...[0m
Compiling /Users/Paul/projects/om-quick-start/src/om_tutorial/core.cljs
Copying file:/Users/Paul/projects/om-quick-start/src/om_tutorial/core.cljs to resources/public/js/om_tutorial/core.cljs
[32mSuccessfully compiled "resources/public/js/main.js" in 0.364 seconds.[0m
notifying browser that file changed:  resources/public/js/goog/deps.js
notifying browser that file changed:  resources/public/js/cljs_deps.js
notifying browser that file changed:  out/om_tutorial/core.js
[0mCompiling "resources/public/js/main.js" from ["src"]...[0m
Compiling /Users/Paul/projects/om-quick-start/src/om_tutorial/core.cljs
Copying file:/Users/Paul/projects/om-quick-start/src/om_tutorial/core.cljs to resources/public/js/out/om_tutorial/core.cljs
[32mSuccessfully compiled "resources/public/js/main.js" in 0.386 seconds.[0m
notifying browser that file changed:  resources/public/js/out/goog/deps.js
notifying browser that file changed:  resources/public/js/out/cljs_deps.js
notifying browser that file changed:  out/om_tutorial/core.js
[0mCompiling "resources/public/js/main.js" from ["src"]...[0m
Compiling /Users/Paul/projects/om-quick-start/src/om_tutorial/core.cljs
Copying file:/Users/Paul/projects/om-quick-start/src/om_tutorial/core.cljs to resources/public/js/out/om_tutorial/core.cljs
[32mSuccessfully compiled "resources/public/js/main.js" in 0.337 seconds.[0m
notifying browser that file changed:  out/om_tutorial/core.js
